Traceback (most recent call last):
  File "/env/lib/python3.10/site-packages/jupyter_cache/executors/utils.py", line 58, in single_nb_execution
    executenb(
  File "/env/lib/python3.10/site-packages/nbclient/client.py", line 1314, in execute
    return NotebookClient(nb=nb, resources=resources, km=km, **kwargs).execute()
  File "/env/lib/python3.10/site-packages/jupyter_core/utils/__init__.py", line 165, in wrapped
    return loop.run_until_complete(inner)
  File "/env/lib/python3.10/asyncio/base_events.py", line 649, in run_until_complete
    return future.result()
  File "/env/lib/python3.10/site-packages/nbclient/client.py", line 709, in async_execute
    await self.async_execute_cell(
  File "/env/lib/python3.10/site-packages/nbclient/client.py", line 1062, in async_execute_cell
    await self._check_raise_for_error(cell, cell_index, exec_reply)
  File "/env/lib/python3.10/site-packages/nbclient/client.py", line 918, in _check_raise_for_error
    raise CellExecutionError.from_cell_and_msg(cell, exec_reply_content)
nbclient.exceptions.CellExecutionError: An error occurred while executing the following cell:
------------------
import pandas as pd
from plotnine import *

from sklearn.model_selection import train_test_split
from sklearn.metrics import mean_absolute_error as mae
from pmdarima.datasets import load_ausbeer

from statsforecast import StatsForecast
from statsforecast.models import (
    AutoARIMA,
    HoltWinters,
    AutoTheta,
    AutoETS,
    DynamicOptimizedTheta as DOT,
    SeasonalNaive
)

from src.plots.forecasts import train_test_yhat_plot
from src.plots.barplots import err_barplot

# quarterly data
PERIOD = 4
# forecasting the final 3 years of data
TEST_SIZE = 12

# loading the beer time series
series = load_ausbeer(as_series=True).dropna()
series.index = pd.date_range(start='1956Q1', end='2008Q3', freq='QS')

# train/test split
train, test = train_test_split(series, test_size=TEST_SIZE, shuffle=False)

# transforming the train data to the required format for statsforecast
train_df = train.reset_index()
train_df.columns = ['ds', 'y']
train_df['unique_id'] = '1'

# setting up the models
models = [
    AutoARIMA(season_length=PERIOD),
    HoltWinters(season_length=PERIOD),
    SeasonalNaive(season_length=PERIOD),
    AutoTheta(season_length=PERIOD),
    DOT(season_length=PERIOD),
    AutoETS(season_length=PERIOD),
]

sf = StatsForecast(
    df=train_df,
    models=models,
    freq='Q',
    n_jobs=1,
    fallback_model=SeasonalNaive(season_length=PERIOD)
)

# training the models
sf.fit(train_df)

# forecasting
forecasts = sf.predict(h=TEST_SIZE)
forecasts = forecasts.reset_index(drop=True).set_index('ds')

# averaging the forecasts to make the ensemble predictions
forecasts['Ensemble'] = forecasts.mean(axis=1)

mae_scores = pd.Series({k: mae(test, forecasts[k]) for k in forecasts})
mae_scores.index = mae_scores.index.to_series().rename({'DynamicOptimizedTheta': 'DynOptTheta'}).index

forecasts_plot = train_test_yhat_plot(train.tail(100), test, forecasts)
error_plot = err_barplot(mae_scores) + ylab('MAE')

forecasts_plot.save('forecasts_plot.pdf', width=9, height=4)
error_plot.save('error_plot.pdf', width=9, height=4)
------------------


[0;31m---------------------------------------------------------------------------[0m
[0;31mTypeError[0m                                 Traceback (most recent call last)
Cell [0;32mIn[2], line 48[0m
[1;32m     38[0m [38;5;66;03m# setting up the models[39;00m
[1;32m     39[0m models [38;5;241m=[39m [
[1;32m     40[0m     AutoARIMA(season_length[38;5;241m=[39mPERIOD),
[1;32m     41[0m     HoltWinters(season_length[38;5;241m=[39mPERIOD),
[0;32m   (...)[0m
[1;32m     45[0m     AutoETS(season_length[38;5;241m=[39mPERIOD),
[1;32m     46[0m ]
[0;32m---> 48[0m sf [38;5;241m=[39m [43mStatsForecast[49m[43m([49m
[1;32m     49[0m [43m    [49m[43mdf[49m[38;5;241;43m=[39;49m[43mtrain_df[49m[43m,[49m
[1;32m     50[0m [43m    [49m[43mmodels[49m[38;5;241;43m=[39;49m[43mmodels[49m[43m,[49m
[1;32m     51[0m [43m    [49m[43mfreq[49m[38;5;241;43m=[39;49m[38;5;124;43m'[39;49m[38;5;124;43mQ[39;49m[38;5;124;43m'[39;49m[43m,[49m
[1;32m     52[0m [43m    [49m[43mn_jobs[49m[38;5;241;43m=[39;49m[38;5;241;43m1[39;49m[43m,[49m
[1;32m     53[0m [43m    [49m[43mfallback_model[49m[38;5;241;43m=[39;49m[43mSeasonalNaive[49m[43m([49m[43mseason_length[49m[38;5;241;43m=[39;49m[43mPERIOD[49m[43m)[49m
[1;32m     54[0m [43m)[49m
[1;32m     56[0m [38;5;66;03m# training the models[39;00m
[1;32m     57[0m sf[38;5;241m.[39mfit(train_df)

[0;31mTypeError[0m: _StatsForecast.__init__() got an unexpected keyword argument 'df'

