Traceback (most recent call last):
  File "/env/lib/python3.10/site-packages/jupyter_cache/executors/utils.py", line 58, in single_nb_execution
    executenb(
  File "/env/lib/python3.10/site-packages/nbclient/client.py", line 1314, in execute
    return NotebookClient(nb=nb, resources=resources, km=km, **kwargs).execute()
  File "/env/lib/python3.10/site-packages/jupyter_core/utils/__init__.py", line 165, in wrapped
    return loop.run_until_complete(inner)
  File "/env/lib/python3.10/asyncio/base_events.py", line 649, in run_until_complete
    return future.result()
  File "/env/lib/python3.10/site-packages/nbclient/client.py", line 709, in async_execute
    await self.async_execute_cell(
  File "/env/lib/python3.10/site-packages/nbclient/client.py", line 1062, in async_execute_cell
    await self._check_raise_for_error(cell, cell_index, exec_reply)
  File "/env/lib/python3.10/site-packages/nbclient/client.py", line 918, in _check_raise_for_error
    raise CellExecutionError.from_cell_and_msg(cell, exec_reply_content)
nbclient.exceptions.CellExecutionError: An error occurred while executing the following cell:
------------------
# Libraries
# ==============================================================================
import os
#os.environ["KERAS_BACKEND"] = "torch" # 'tensorflow', 'jax´ or 'torch'
os.environ["KERAS_BACKEND"] = "tensorflow" # 'tensorflow', 'jax´ or 'torch'
import keras

import numpy as np
import pandas as pd
import matplotlib.pyplot as plt
from sklearn.preprocessing import MinMaxScaler

import skforecast
from skforecast.datasets import fetch_dataset
from skforecast.plot import set_dark_theme
from skforecast.ForecasterRnn import ForecasterRnn
from skforecast.ForecasterRnn.utils import create_and_compile_model
from skforecast.model_selection_multiseries import backtesting_forecaster_multiseries

from keras.optimizers import Adam
from keras.losses import MeanSquaredError
from keras.callbacks import EarlyStopping

import warnings
warnings.filterwarnings('once')

print(f"skforecast version: {skforecast.__version__}")
print(f"keras version: {keras.__version__}")

if keras.__version__ > "3.0":
    print(f"Using backend: {keras.backend.backend()}")
    if keras.backend.backend() == "tensorflow":
        import tensorflow
        print(f"tensorflow version: {tensorflow.__version__}")
    elif keras.backend.backend() == "torch":
        import torch
        print(f"torch version: {torch.__version__}")
    else:
        print("Backend not recognized. Please use 'tensorflow' or 'torch'.")
------------------

----- stderr -----
2025-01-05 03:16:15.351775: I tensorflow/core/platform/cpu_feature_guard.cc:210] This TensorFlow binary is optimized to use available CPU instructions in performance-critical operations.
To enable the following instructions: SSE4.1 SSE4.2 AVX AVX2 AVX512F FMA, in other operations, rebuild TensorFlow with the appropriate compiler flags.
------------------

[0;31m---------------------------------------------------------------------------[0m
[0;31mModuleNotFoundError[0m                       Traceback (most recent call last)
Cell [0;32mIn[3], line 16[0m
[1;32m     14[0m [38;5;28;01mfrom[39;00m [38;5;21;01mskforecast[39;00m[38;5;21;01m.[39;00m[38;5;21;01mdatasets[39;00m [38;5;28;01mimport[39;00m fetch_dataset
[1;32m     15[0m [38;5;28;01mfrom[39;00m [38;5;21;01mskforecast[39;00m[38;5;21;01m.[39;00m[38;5;21;01mplot[39;00m [38;5;28;01mimport[39;00m set_dark_theme
[0;32m---> 16[0m [38;5;28;01mfrom[39;00m [38;5;21;01mskforecast[39;00m[38;5;21;01m.[39;00m[38;5;21;01mForecasterRnn[39;00m [38;5;28;01mimport[39;00m ForecasterRnn
[1;32m     17[0m [38;5;28;01mfrom[39;00m [38;5;21;01mskforecast[39;00m[38;5;21;01m.[39;00m[38;5;21;01mForecasterRnn[39;00m[38;5;21;01m.[39;00m[38;5;21;01mutils[39;00m [38;5;28;01mimport[39;00m create_and_compile_model
[1;32m     18[0m [38;5;28;01mfrom[39;00m [38;5;21;01mskforecast[39;00m[38;5;21;01m.[39;00m[38;5;21;01mmodel_selection_multiseries[39;00m [38;5;28;01mimport[39;00m backtesting_forecaster_multiseries

[0;31mModuleNotFoundError[0m: No module named 'skforecast.ForecasterRnn'

